::1 - - [11/Aug/2019:16:30:39 +0000] "GET /?page=1 HTTP/1.1" 200 - "http://localhost:3000/?page=2" "Mozilla/5.0 (Macintosh; Intel Mac OS X 10_14_6) AppleWebKit/537.36 (KHTML, like Gecko) Chrome/75.0.3770.142 Safari/537.36"
::1 - - [11/Aug/2019:16:30:39 +0000] "GET /css/product.css HTTP/1.1" 200 379 "http://localhost:3000/?page=1" "Mozilla/5.0 (Macintosh; Intel Mac OS X 10_14_6) AppleWebKit/537.36 (KHTML, like Gecko) Chrome/75.0.3770.142 Safari/537.36"
::1 - - [11/Aug/2019:16:30:39 +0000] "GET /css/main.css HTTP/1.1" 200 - "http://localhost:3000/?page=1" "Mozilla/5.0 (Macintosh; Intel Mac OS X 10_14_6) AppleWebKit/537.36 (KHTML, like Gecko) Chrome/75.0.3770.142 Safari/537.36"
::1 - - [11/Aug/2019:16:30:39 +0000] "GET /images/2019-08-05T16:48:34.257Z-sample-atomiser.jpg HTTP/1.1" 200 114032 "http://localhost:3000/?page=1" "Mozilla/5.0 (Macintosh; Intel Mac OS X 10_14_6) AppleWebKit/537.36 (KHTML, like Gecko) Chrome/75.0.3770.142 Safari/537.36"
::1 - - [11/Aug/2019:16:30:39 +0000] "GET /js/main.js HTTP/1.1" 200 519 "http://localhost:3000/?page=1" "Mozilla/5.0 (Macintosh; Intel Mac OS X 10_14_6) AppleWebKit/537.36 (KHTML, like Gecko) Chrome/75.0.3770.142 Safari/537.36"
::1 - - [11/Aug/2019:16:30:39 +0000] "GET /favicon.ico HTTP/1.1" 404 - "http://localhost:3000/?page=1" "Mozilla/5.0 (Macintosh; Intel Mac OS X 10_14_6) AppleWebKit/537.36 (KHTML, like Gecko) Chrome/75.0.3770.142 Safari/537.36"
::1 - - [11/Aug/2019:16:31:07 +0000] "GET /products/5d485de20292ed2e9d87843b HTTP/1.1" 200 - "http://localhost:3000/?page=1" "Mozilla/5.0 (Macintosh; Intel Mac OS X 10_14_6) AppleWebKit/537.36 (KHTML, like Gecko) Chrome/75.0.3770.142 Safari/537.36"
::1 - - [11/Aug/2019:16:31:07 +0000] "GET /js/main.js HTTP/1.1" 304 - "http://localhost:3000/products/5d485de20292ed2e9d87843b" "Mozilla/5.0 (Macintosh; Intel Mac OS X 10_14_6) AppleWebKit/537.36 (KHTML, like Gecko) Chrome/75.0.3770.142 Safari/537.36"
::1 - - [11/Aug/2019:16:31:07 +0000] "GET /images/2019-08-05T16:48:34.257Z-sample-atomiser.jpg HTTP/1.1" 304 - "http://localhost:3000/products/5d485de20292ed2e9d87843b" "Mozilla/5.0 (Macintosh; Intel Mac OS X 10_14_6) AppleWebKit/537.36 (KHTML, like Gecko) Chrome/75.0.3770.142 Safari/537.36"
::1 - - [11/Aug/2019:16:31:07 +0000] "GET /css/main.css HTTP/1.1" 304 - "http://localhost:3000/products/5d485de20292ed2e9d87843b" "Mozilla/5.0 (Macintosh; Intel Mac OS X 10_14_6) AppleWebKit/537.36 (KHTML, like Gecko) Chrome/75.0.3770.142 Safari/537.36"
::1 - - [11/Aug/2019:16:31:10 +0000] "POST /cart HTTP/1.1" 302 54 "http://localhost:3000/products/5d485de20292ed2e9d87843b" "Mozilla/5.0 (Macintosh; Intel Mac OS X 10_14_6) AppleWebKit/537.36 (KHTML, like Gecko) Chrome/75.0.3770.142 Safari/537.36"
::1 - - [11/Aug/2019:16:31:10 +0000] "GET /cart HTTP/1.1" 200 - "http://localhost:3000/products/5d485de20292ed2e9d87843b" "Mozilla/5.0 (Macintosh; Intel Mac OS X 10_14_6) AppleWebKit/537.36 (KHTML, like Gecko) Chrome/75.0.3770.142 Safari/537.36"
::1 - - [11/Aug/2019:16:31:10 +0000] "GET /css/main.css HTTP/1.1" 304 - "http://localhost:3000/cart" "Mozilla/5.0 (Macintosh; Intel Mac OS X 10_14_6) AppleWebKit/537.36 (KHTML, like Gecko) Chrome/75.0.3770.142 Safari/537.36"
::1 - - [11/Aug/2019:16:31:10 +0000] "GET /js/main.js HTTP/1.1" 304 - "http://localhost:3000/cart" "Mozilla/5.0 (Macintosh; Intel Mac OS X 10_14_6) AppleWebKit/537.36 (KHTML, like Gecko) Chrome/75.0.3770.142 Safari/537.36"
::1 - - [11/Aug/2019:16:31:10 +0000] "GET /css/cart.css HTTP/1.1" 200 387 "http://localhost:3000/cart" "Mozilla/5.0 (Macintosh; Intel Mac OS X 10_14_6) AppleWebKit/537.36 (KHTML, like Gecko) Chrome/75.0.3770.142 Safari/537.36"
::1 - - [11/Aug/2019:16:31:12 +0000] "GET /checkout HTTP/1.1" 200 - "http://localhost:3000/cart" "Mozilla/5.0 (Macintosh; Intel Mac OS X 10_14_6) AppleWebKit/537.36 (KHTML, like Gecko) Chrome/75.0.3770.142 Safari/537.36"
::1 - - [11/Aug/2019:16:31:12 +0000] "GET /css/main.css HTTP/1.1" 304 - "http://localhost:3000/checkout" "Mozilla/5.0 (Macintosh; Intel Mac OS X 10_14_6) AppleWebKit/537.36 (KHTML, like Gecko) Chrome/75.0.3770.142 Safari/537.36"
::1 - - [11/Aug/2019:16:31:12 +0000] "GET /css/cart.css HTTP/1.1" 304 - "http://localhost:3000/checkout" "Mozilla/5.0 (Macintosh; Intel Mac OS X 10_14_6) AppleWebKit/537.36 (KHTML, like Gecko) Chrome/75.0.3770.142 Safari/537.36"
::1 - - [11/Aug/2019:16:31:12 +0000] "GET /js/main.js HTTP/1.1" 304 - "http://localhost:3000/checkout" "Mozilla/5.0 (Macintosh; Intel Mac OS X 10_14_6) AppleWebKit/537.36 (KHTML, like Gecko) Chrome/75.0.3770.142 Safari/537.36"
::1 - - [11/Aug/2019:16:31:21 +0000] "GET /admin/products HTTP/1.1" - - "http://localhost:3000/checkout" "Mozilla/5.0 (Macintosh; Intel Mac OS X 10_14_6) AppleWebKit/537.36 (KHTML, like Gecko) Chrome/75.0.3770.142 Safari/537.36"
::1 - - [11/Aug/2019:16:31:21 +0000] "GET /admin/products HTTP/1.1" - - "http://localhost:3000/checkout" "Mozilla/5.0 (Macintosh; Intel Mac OS X 10_14_6) AppleWebKit/537.36 (KHTML, like Gecko) Chrome/75.0.3770.142 Safari/537.36"
::1 - - [11/Aug/2019:16:31:22 +0000] "GET /orders HTTP/1.1" - - "http://localhost:3000/checkout" "Mozilla/5.0 (Macintosh; Intel Mac OS X 10_14_6) AppleWebKit/537.36 (KHTML, like Gecko) Chrome/75.0.3770.142 Safari/537.36"
::1 - - [11/Aug/2019:16:31:22 +0000] "GET /cart HTTP/1.1" 200 - "http://localhost:3000/checkout" "Mozilla/5.0 (Macintosh; Intel Mac OS X 10_14_6) AppleWebKit/537.36 (KHTML, like Gecko) Chrome/75.0.3770.142 Safari/537.36"
::1 - - [11/Aug/2019:16:31:22 +0000] "GET /css/main.css HTTP/1.1" 304 - "http://localhost:3000/cart" "Mozilla/5.0 (Macintosh; Intel Mac OS X 10_14_6) AppleWebKit/537.36 (KHTML, like Gecko) Chrome/75.0.3770.142 Safari/537.36"
::1 - - [11/Aug/2019:16:31:22 +0000] "GET /css/cart.css HTTP/1.1" 304 - "http://localhost:3000/cart" "Mozilla/5.0 (Macintosh; Intel Mac OS X 10_14_6) AppleWebKit/537.36 (KHTML, like Gecko) Chrome/75.0.3770.142 Safari/537.36"
::1 - - [11/Aug/2019:16:31:22 +0000] "GET /js/main.js HTTP/1.1" 304 - "http://localhost:3000/cart" "Mozilla/5.0 (Macintosh; Intel Mac OS X 10_14_6) AppleWebKit/537.36 (KHTML, like Gecko) Chrome/75.0.3770.142 Safari/537.36"
::1 - - [11/Aug/2019:16:31:24 +0000] "GET /admin/products HTTP/1.1" 200 - "http://localhost:3000/cart" "Mozilla/5.0 (Macintosh; Intel Mac OS X 10_14_6) AppleWebKit/537.36 (KHTML, like Gecko) Chrome/75.0.3770.142 Safari/537.36"
::1 - - [11/Aug/2019:16:31:24 +0000] "GET /css/product.css HTTP/1.1" 304 - "http://localhost:3000/admin/products" "Mozilla/5.0 (Macintosh; Intel Mac OS X 10_14_6) AppleWebKit/537.36 (KHTML, like Gecko) Chrome/75.0.3770.142 Safari/537.36"
::1 - - [11/Aug/2019:16:31:24 +0000] "GET /css/main.css HTTP/1.1" 304 - "http://localhost:3000/admin/products" "Mozilla/5.0 (Macintosh; Intel Mac OS X 10_14_6) AppleWebKit/537.36 (KHTML, like Gecko) Chrome/75.0.3770.142 Safari/537.36"
::1 - - [11/Aug/2019:16:31:24 +0000] "GET /js/admin.js HTTP/1.1" 200 595 "http://localhost:3000/admin/products" "Mozilla/5.0 (Macintosh; Intel Mac OS X 10_14_6) AppleWebKit/537.36 (KHTML, like Gecko) Chrome/75.0.3770.142 Safari/537.36"
::1 - - [11/Aug/2019:16:31:24 +0000] "GET /js/main.js HTTP/1.1" 304 - "http://localhost:3000/admin/products" "Mozilla/5.0 (Macintosh; Intel Mac OS X 10_14_6) AppleWebKit/537.36 (KHTML, like Gecko) Chrome/75.0.3770.142 Safari/537.36"
::1 - - [11/Aug/2019:16:31:25 +0000] "GET /admin/add-product HTTP/1.1" 200 - "http://localhost:3000/admin/products" "Mozilla/5.0 (Macintosh; Intel Mac OS X 10_14_6) AppleWebKit/537.36 (KHTML, like Gecko) Chrome/75.0.3770.142 Safari/537.36"
::1 - - [11/Aug/2019:16:31:25 +0000] "GET /css/main.css HTTP/1.1" 304 - "http://localhost:3000/admin/add-product" "Mozilla/5.0 (Macintosh; Intel Mac OS X 10_14_6) AppleWebKit/537.36 (KHTML, like Gecko) Chrome/75.0.3770.142 Safari/537.36"
::1 - - [11/Aug/2019:16:31:25 +0000] "GET /css/forms.css HTTP/1.1" 304 - "http://localhost:3000/admin/add-product" "Mozilla/5.0 (Macintosh; Intel Mac OS X 10_14_6) AppleWebKit/537.36 (KHTML, like Gecko) Chrome/75.0.3770.142 Safari/537.36"
::1 - - [11/Aug/2019:16:31:25 +0000] "GET /css/product.css HTTP/1.1" 304 - "http://localhost:3000/admin/add-product" "Mozilla/5.0 (Macintosh; Intel Mac OS X 10_14_6) AppleWebKit/537.36 (KHTML, like Gecko) Chrome/75.0.3770.142 Safari/537.36"
::1 - - [11/Aug/2019:16:31:25 +0000] "GET /js/main.js HTTP/1.1" 304 - "http://localhost:3000/admin/add-product" "Mozilla/5.0 (Macintosh; Intel Mac OS X 10_14_6) AppleWebKit/537.36 (KHTML, like Gecko) Chrome/75.0.3770.142 Safari/537.36"
